<?xml version="1.0" encoding="UTF-8"?>
<!-- Generated by org.testng.reporters.JUnitReportReporter -->
<testsuite hostname="TYSS-Anupama-A-R" failures="0" tests="1" name="JDBC.PracticeMavenTest" time="4.234" errors="0" timestamp="2024-02-08T11:28:23 IST" skipped="0">
  <testcase classname="JDBC.PracticeMavenTest" name="practiceMavenTest" time="4.234"/>
  <system-out/>
</testsuite> <!-- JDBC.PracticeMavenTest -->
