<?xml version="1.0" encoding="UTF-8"?>
<!-- Generated by org.testng.reporters.JUnitReportReporter -->
<testsuite hostname="TYSS-Anupama-A-R" failures="0" tests="1" name="JDBC.MavenTest" time="0.006" errors="0" timestamp="2024-02-08T15:05:23 IST" skipped="0">
  <testcase classname="JDBC.MavenTest" name="mavenTest" time="0.006"/>
  <system-out/>
</testsuite> <!-- JDBC.MavenTest -->
